Matrix/build/intermediates/manifest_merge_blame_file/standardUiRelease/manifest-merger-blame-standardUi-release-report.txt
1<?xml version="1.0" encoding="utf-8"?>
2<manifest xmlns:android="http://schemas.android.com/apk/res/android"
3    package="com.sunmnet.mediaroom.matrix" >
4
5    <uses-sdk
6        android:minSdkVersion="21"
6-->src/main/AndroidManifest.xml
7        android:targetSdkVersion="30" />
7-->src/main/AndroidManifest.xml
8
9</manifest>